[34mCLI[39m Building entry: src/index.ts
[34mCLI[39m Using tsconfig: tsconfig.json
[34mCLI[39m tsup v7.0.0
[34mCLI[39m Using tsup config: /home/runner/work/brixbit-js-content-types/brixbit-js-content-types/experimental/content-type-screen-effect/tsup.config.ts
[34mCLI[39m Target: esnext
[34mCLI[39m Cleaning output folder
[34mESM[39m Build start
[34mCJS[39m Build start
[32mESM[39m [1mdist/index.js     [22m[32m839.00 B[39m
[32mESM[39m [1mdist/index.js.map [22m[32m1.81 KB[39m
[32mESM[39m ⚡️ Build success in 184ms
[32mCJS[39m [1mdist/index.cjs     [22m[32m905.00 B[39m
[32mCJS[39m [1mdist/index.cjs.map [22m[32m1.81 KB[39m
[32mCJS[39m ⚡️ Build success in 185ms
[34mDTS[39m Build start
[32mDTS[39m ⚡️ Build success in 3669ms
[32mDTS[39m [1mdist/index.d.ts [22m[32m716.00 B[39m
[34mCLI[39m Building entry: src/index.ts
[34mCLI[39m Using tsconfig: tsconfig.json
[34mCLI[39m tsup v7.0.0
[34mCLI[39m Using tsup config: /home/runner/work/brixbit-js-content-types/brixbit-js-content-types/experimental/content-type-screen-effect/tsup.config.ts
[34mCLI[39m Target: esnext
[34mCLI[39m Cleaning output folder
[34mESM[39m Build start
[32mESM[39m [1mdist/web/index.js     [22m[32m539.00 B[39m
[32mESM[39m [1mdist/web/index.js.map [22m[32m1.81 KB[39m
[32mESM[39m ⚡️ Build success in 71ms
